0 info it worked if it ends with ok
1 verbose cli [ 'C:\\Program Files\\nodejs\\node.exe',
1 verbose cli   'C:\\Users\\Ryan\\AppData\\Roaming\\npm\\node_modules\\npm\\bin\\npm-cli.js',
1 verbose cli   'install',
1 verbose cli   '-g',
1 verbose cli   'npm' ]
2 info using npm@3.5.3
3 info using node@v9.4.0
4 verbose stack Error: Cannot find module 'internal/util/types'
4 verbose stack     at Function.Module._resolveFilename (module.js:555:15)
4 verbose stack     at Function.Module._load (module.js:482:25)
4 verbose stack     at Module.require (module.js:604:17)
4 verbose stack     at require (internal/module.js:11:18)
4 verbose stack     at evalmachine.<anonymous>:31:26
4 verbose stack     at Object.<anonymous> (C:\Users\Ryan\AppData\Roaming\npm\node_modules\npm\node_modules\cmd-shim\node_modules\graceful-fs\fs.js:11:1)
4 verbose stack     at Module._compile (module.js:660:30)
4 verbose stack     at Object.Module._extensions..js (module.js:671:10)
4 verbose stack     at Module.load (module.js:573:32)
4 verbose stack     at tryModuleLoad (module.js:513:12)
5 verbose cwd C:\Users\Ryan\Desktop\Senior\AspireApp
6 error Windows_NT 10.0.14393
7 error argv "C:\\Program Files\\nodejs\\node.exe" "C:\\Users\\Ryan\\AppData\\Roaming\\npm\\node_modules\\npm\\bin\\npm-cli.js" "install" "-g" "npm"
8 error node v9.4.0
9 error npm  v3.5.3
10 error code MODULE_NOT_FOUND
11 error Cannot find module 'internal/util/types'
12 error If you need help, you may report this error at:
12 error     <https://github.com/npm/npm/issues>
13 verbose exit [ 1, true ]
